# Logfile created on 2014-04-06 17:04:33 +0430 by logger.rb/44203
I, [2014-04-06T17:04:33.358285 #2059]  INFO -- : 0:  blankslate (2.1.2.4) from /home/lxsameer/.rbenv/versions/2.1.0/lib/ruby/gems/2.1.0/specifications/blankslate-2.1.2.4.gemspec
I, [2014-04-06T17:04:33.358806 #2059]  INFO -- : 0:  chunky_png (1.3.0) from /home/lxsameer/.rbenv/versions/2.1.0/lib/ruby/gems/2.1.0/specifications/chunky_png-1.3.0.gemspec
I, [2014-04-06T17:04:33.359161 #2059]  INFO -- : 0:  fast-stemmer (1.0.2) from /home/lxsameer/.rbenv/versions/2.1.0/lib/ruby/gems/2.1.0/specifications/fast-stemmer-1.0.2.gemspec
I, [2014-04-06T17:04:33.359579 #2059]  INFO -- : 0:  classifier (1.3.4) from /home/lxsameer/.rbenv/versions/2.1.0/lib/ruby/gems/2.1.0/specifications/classifier-1.3.4.gemspec
I, [2014-04-06T17:04:33.359921 #2059]  INFO -- : 0:  colorator (0.1) from /home/lxsameer/.rbenv/versions/2.1.0/lib/ruby/gems/2.1.0/specifications/colorator-0.1.gemspec
I, [2014-04-06T17:05:12.606097 #2059]  INFO -- : 0:  highline (1.6.20) from /home/lxsameer/.rbenv/versions/2.1.0/lib/ruby/gems/2.1.0/specifications/highline-1.6.20.gemspec
I, [2014-04-06T17:05:12.606952 #2059]  INFO -- : 0:  commander (4.1.6) from /home/lxsameer/.rbenv/versions/2.1.0/lib/ruby/gems/2.1.0/specifications/commander-4.1.6.gemspec
I, [2014-04-06T17:05:12.607578 #2059]  INFO -- : 0:  fssm (0.2.10) from /home/lxsameer/.rbenv/versions/2.1.0/lib/ruby/gems/2.1.0/specifications/fssm-0.2.10.gemspec
I, [2014-04-06T17:05:12.608258 #2059]  INFO -- : 0:  sass (3.2.14) from /home/lxsameer/.rbenv/versions/2.1.0/lib/ruby/gems/2.1.0/specifications/sass-3.2.14.gemspec
I, [2014-04-06T17:05:12.608910 #2059]  INFO -- : 0:  compass (0.12.2) from /home/lxsameer/.rbenv/versions/2.1.0/lib/ruby/gems/2.1.0/specifications/compass-0.12.2.gemspec
I, [2014-04-06T17:05:12.609587 #2059]  INFO -- : 0:  ffi (1.9.3) from /home/lxsameer/.rbenv/versions/2.1.0/lib/ruby/gems/2.1.0/specifications/ffi-1.9.3.gemspec
I, [2014-04-06T17:05:12.610253 #2059]  INFO -- : 0:  liquid (2.5.5) from /home/lxsameer/.rbenv/versions/2.1.0/lib/ruby/gems/2.1.0/specifications/liquid-2.5.5.gemspec
I, [2014-04-06T17:05:12.610943 #2059]  INFO -- : 0:  rb-fsevent (0.9.4) from /home/lxsameer/.rbenv/versions/2.1.0/lib/ruby/gems/2.1.0/specifications/rb-fsevent-0.9.4.gemspec
I, [2014-04-06T17:05:12.611655 #2059]  INFO -- : 0:  rb-inotify (0.9.3) from /home/lxsameer/.rbenv/versions/2.1.0/lib/ruby/gems/2.1.0/specifications/rb-inotify-0.9.3.gemspec
I, [2014-04-06T17:05:16.405162 #2059]  INFO -- : 0:  rb-kqueue (0.2.0) from /home/lxsameer/.rbenv/versions/2.1.0/lib/ruby/gems/2.1.0/specifications/rb-kqueue-0.2.0.gemspec
I, [2014-04-06T17:05:16.405876 #2059]  INFO -- : 0:  listen (1.3.1) from /home/lxsameer/.rbenv/versions/2.1.0/lib/ruby/gems/2.1.0/specifications/listen-1.3.1.gemspec
I, [2014-04-06T17:05:16.406358 #2059]  INFO -- : 0:  maruku (0.7.1) from /home/lxsameer/.rbenv/versions/2.1.0/lib/ruby/gems/2.1.0/specifications/maruku-0.7.1.gemspec
I, [2014-04-06T17:05:16.406781 #2059]  INFO -- : 0:  posix-spawn (0.3.8) from /home/lxsameer/.rbenv/versions/2.1.0/lib/ruby/gems/2.1.0/specifications/posix-spawn-0.3.8.gemspec
I, [2014-04-06T17:05:16.407201 #2059]  INFO -- : 0:  yajl-ruby (1.1.0) from /home/lxsameer/.rbenv/versions/2.1.0/lib/ruby/gems/2.1.0/specifications/yajl-ruby-1.1.0.gemspec
I, [2014-04-06T17:05:16.407622 #2059]  INFO -- : 0:  pygments.rb (0.5.4) from /home/lxsameer/.rbenv/versions/2.1.0/lib/ruby/gems/2.1.0/specifications/pygments.rb-0.5.4.gemspec
I, [2014-04-06T17:05:16.408058 #2059]  INFO -- : 0:  redcarpet (2.3.0) from /home/lxsameer/.rbenv/versions/2.1.0/lib/ruby/gems/2.1.0/specifications/redcarpet-2.3.0.gemspec
I, [2014-04-06T17:05:16.408487 #2059]  INFO -- : 0:  safe_yaml (0.9.7) from /home/lxsameer/.rbenv/versions/2.1.0/lib/ruby/gems/2.1.0/specifications/safe_yaml-0.9.7.gemspec
I, [2014-04-06T17:05:16.408907 #2059]  INFO -- : 0:  parslet (1.5.0) from /home/lxsameer/.rbenv/versions/2.1.0/lib/ruby/gems/2.1.0/specifications/parslet-1.5.0.gemspec
I, [2014-04-06T17:05:19.100200 #2059]  INFO -- : 0:  toml (0.1.0) from /home/lxsameer/.rbenv/versions/2.1.0/lib/ruby/gems/2.1.0/specifications/toml-0.1.0.gemspec
I, [2014-04-06T17:05:19.101121 #2059]  INFO -- : 0:  jekyll (1.4.3) from /home/lxsameer/.rbenv/versions/2.1.0/lib/ruby/gems/2.1.0/specifications/jekyll-1.4.3.gemspec
I, [2014-04-06T17:05:19.101725 #2059]  INFO -- : 0:  jekyll-categories (0.0.2) from /home/lxsameer/.rbenv/versions/2.1.0/lib/ruby/gems/2.1.0/specifications/jekyll-categories-0.0.2.gemspec
I, [2014-04-06T17:06:23.104410 #2059]  INFO -- : 0:  semantic-ui-sass (0.12.4.0) from /home/lxsameer/.rbenv/versions/2.1.0/lib/ruby/gems/2.1.0/specifications/semantic-ui-sass-0.12.4.0.gemspec
I, [2014-04-06T17:06:23.104966 #2059]  INFO -- : 0:  bundler (1.5.1) from /home/lxsameer/.rbenv/versions/2.1.0/lib/ruby/gems/2.1.0/specifications/bundler-1.5.1.gemspec
